<?xml version="1.0" encoding="UTF-8"?>
<!-- Generated by org.testng.reporters.JUnitReportReporter -->
<testsuite skipped="0" hostname="User" name="qaclickacademy.SeleniumTest" tests="2" failures="0" timestamp="01 Aug 2019 06:32:26 GMT" time="0.035" errors="0">
  <testcase name="BrowserAutomation" time="0.034" classname="qaclickacademy.SeleniumTest"/>
  <testcase name="ElementsUI" time="0.001" classname="qaclickacademy.SeleniumTest"/>
</testsuite> <!-- qaclickacademy.SeleniumTest -->
