<?xml version="1.0" encoding="UTF-8"?>
<!-- Generated by org.testng.reporters.JUnitReportReporter -->
<testsuite skipped="0" hostname="User" name="qaclickacademy.RestAPITest" tests="2" failures="0" timestamp="01 Aug 2019 06:32:26 GMT" time="0.000" errors="0">
  <testcase name="DeleteTwitter" time="0.000" classname="qaclickacademy.RestAPITest"/>
  <testcase name="PostJira" time="0.000" classname="qaclickacademy.RestAPITest"/>
</testsuite> <!-- qaclickacademy.RestAPITest -->
